# JRE version: Java(TM) SE Runtime Environment 18.9 (11.0.18+9) (build 11.0.18+9-LTS-195)
# Java VM: Java HotSpot(TM) 64-Bit Server VM 18.9 (11.0.18+9-LTS-195, mixed mode, tiered, compressed oops, g1 gc, windows-amd64)
Heap:
 garbage-first heap   total 120832K, used 35566K [0x000000008a600000, 0x0000000100000000)
  region size 1024K, 25 young (25600K), 7 survivors (7168K)
 Metaspace       used 37504K, capacity 38831K, committed 38860K, reserved 1083392K
  class space    used 4475K, capacity 5091K, committed 5120K, reserved 1048576K
GC Heap History (8 events):
Event: 0.701 GC heap before
{Heap before GC invocations=0 (full 0):
 garbage-first heap   total 120832K, used 26624K [0x000000008a600000, 0x0000000100000000)
  region size 1024K, 24 young (24576K), 0 survivors (0K)
 Metaspace       used 12225K, capacity 12482K, committed 12672K, reserved 1060864K
  class space    used 1211K, capacity 1314K, committed 1408K, reserved 1048576K
}
Event: 0.709 GC heap after
{Heap after GC invocations=1 (full 0):
 garbage-first heap   total 120832K, used 8641K [0x000000008a600000, 0x0000000100000000)
  region size 1024K, 3 young (3072K), 3 survivors (3072K)
 Metaspace       used 12225K, capacity 12482K, committed 12672K, reserved 1060864K
  class space    used 1211K, capacity 1314K, committed 1408K, reserved 1048576K
}
Event: 1.240 GC heap before
{Heap before GC invocations=1 (full 0):
 garbage-first heap   total 120832K, used 51649K [0x000000008a600000, 0x0000000100000000)
  region size 1024K, 46 young (47104K), 3 survivors (3072K)
 Metaspace       used 20685K, capacity 21150K, committed 21248K, reserved 1069056K
  class space    used 2257K, capacity 2464K, committed 2560K, reserved 1048576K
}
Event: 1.260 GC heap after
{Heap after GC invocations=2 (full 0):
 garbage-first heap   total 120832K, used 11511K [0x000000008a600000, 0x0000000100000000)
  region size 1024K, 6 young (6144K), 6 survivors (6144K)
 Metaspace       used 20685K, capacity 21150K, committed 21248K, reserved 1069056K
  class space    used 2257K, capacity 2464K, committed 2560K, reserved 1048576K
}
Event: 1.678 GC heap before
{Heap before GC invocations=3 (full 0):
 garbage-first heap   total 120832K, used 55543K [0x000000008a600000, 0x0000000100000000)
  region size 1024K, 49 young (50176K), 6 survivors (6144K)
 Metaspace       used 27311K, capacity 28157K, committed 28416K, reserved 1075200K
  class space    used 3144K, capacity 3535K, committed 3584K, reserved 1048576K
}
Event: 1.690 GC heap after
{Heap after GC invocations=4 (full 0):
 garbage-first heap   total 120832K, used 14337K [0x000000008a600000, 0x0000000100000000)
  region size 1024K, 6 young (6144K), 6 survivors (6144K)
 Metaspace       used 27311K, capacity 28157K, committed 28416K, reserved 1075200K
  class space    used 3144K, capacity 3535K, committed 3584K, reserved 1048576K
}
Event: 2.200 GC heap before
{Heap before GC invocations=4 (full 0):
 garbage-first heap   total 120832K, used 49153K [0x000000008a600000, 0x0000000100000000)
  region size 1024K, 41 young (41984K), 6 survivors (6144K)
 Metaspace       used 34695K, capacity 35801K, committed 35840K, reserved 1081344K
  class space    used 4113K, capacity 4608K, committed 4608K, reserved 1048576K
}
Event: 2.209 GC heap after
{Heap after GC invocations=5 (full 0):
 garbage-first heap   total 120832K, used 18158K [0x000000008a600000, 0x0000000100000000)
  region size 1024K, 7 young (7168K), 7 survivors (7168K)
 Metaspace       used 34695K, capacity 35801K, committed 35840K, reserved 1081344K
  class space    used 4113K, capacity 4608K, committed 4608K, reserved 1048576K
}

