# JRE version: Java(TM) SE Runtime Environment 18.9 (11.0.18+9) (build 11.0.18+9-LTS-195)
# Java VM: Java HotSpot(TM) 64-Bit Server VM 18.9 (11.0.18+9-LTS-195, mixed mode, tiered, compressed oops, g1 gc, windows-amd64)
Heap:
 garbage-first heap   total 120832K, used 41919K [0x000000008a600000, 0x0000000100000000)
  region size 1024K, 31 young (31744K), 7 survivors (7168K)
 Metaspace       used 38309K, capacity 39600K, committed 39756K, reserved 1083392K
  class space    used 4569K, capacity 5155K, committed 5248K, reserved 1048576K
GC Heap History (8 events):
Event: 0.739 GC heap before
{Heap before GC invocations=0 (full 0):
 garbage-first heap   total 120832K, used 26624K [0x000000008a600000, 0x0000000100000000)
  region size 1024K, 24 young (24576K), 0 survivors (0K)
 Metaspace       used 12226K, capacity 12482K, committed 12672K, reserved 1060864K
  class space    used 1207K, capacity 1314K, committed 1408K, reserved 1048576K
}
Event: 0.747 GC heap after
{Heap after GC invocations=1 (full 0):
 garbage-first heap   total 120832K, used 8725K [0x000000008a600000, 0x0000000100000000)
  region size 1024K, 3 young (3072K), 3 survivors (3072K)
 Metaspace       used 12226K, capacity 12482K, committed 12672K, reserved 1060864K
  class space    used 1207K, capacity 1314K, committed 1408K, reserved 1048576K
}
Event: 1.344 GC heap before
{Heap before GC invocations=1 (full 0):
 garbage-first heap   total 120832K, used 52757K [0x000000008a600000, 0x0000000100000000)
  region size 1024K, 47 young (48128K), 3 survivors (3072K)
 Metaspace       used 20683K, capacity 21150K, committed 21248K, reserved 1069056K
  class space    used 2256K, capacity 2464K, committed 2560K, reserved 1048576K
}
Event: 1.352 GC heap after
{Heap after GC invocations=2 (full 0):
 garbage-first heap   total 120832K, used 11557K [0x000000008a600000, 0x0000000100000000)
  region size 1024K, 6 young (6144K), 6 survivors (6144K)
 Metaspace       used 20683K, capacity 21150K, committed 21248K, reserved 1069056K
  class space    used 2256K, capacity 2464K, committed 2560K, reserved 1048576K
}
Event: 1.726 GC heap before
{Heap before GC invocations=3 (full 0):
 garbage-first heap   total 120832K, used 51493K [0x000000008a600000, 0x0000000100000000)
  region size 1024K, 45 young (46080K), 6 survivors (6144K)
 Metaspace       used 26213K, capacity 27020K, committed 27264K, reserved 1073152K
  class space    used 3034K, capacity 3366K, committed 3456K, reserved 1048576K
}
Event: 1.736 GC heap after
{Heap after GC invocations=4 (full 0):
 garbage-first heap   total 120832K, used 13769K [0x000000008a600000, 0x0000000100000000)
  region size 1024K, 5 young (5120K), 5 survivors (5120K)
 Metaspace       used 26213K, capacity 27020K, committed 27264K, reserved 1073152K
  class space    used 3034K, capacity 3366K, committed 3456K, reserved 1048576K
}
Event: 2.286 GC heap before
{Heap before GC invocations=4 (full 0):
 garbage-first heap   total 120832K, used 53705K [0x000000008a600000, 0x0000000100000000)
  region size 1024K, 45 young (46080K), 5 survivors (5120K)
 Metaspace       used 34667K, capacity 35802K, committed 35840K, reserved 1081344K
  class space    used 4109K, capacity 4608K, committed 4608K, reserved 1048576K
}
Event: 2.296 GC heap after
{Heap after GC invocations=5 (full 0):
 garbage-first heap   total 120832K, used 18367K [0x000000008a600000, 0x0000000100000000)
  region size 1024K, 7 young (7168K), 7 survivors (7168K)
 Metaspace       used 34667K, capacity 35802K, committed 35840K, reserved 1081344K
  class space    used 4109K, capacity 4608K, committed 4608K, reserved 1048576K
}

