# JRE version: Java(TM) SE Runtime Environment 18.9 (11.0.18+9) (build 11.0.18+9-LTS-195)
# Java VM: Java HotSpot(TM) 64-Bit Server VM 18.9 (11.0.18+9-LTS-195, mixed mode, tiered, compressed oops, g1 gc, windows-amd64)
Heap:
 garbage-first heap   total 147456K, used 21120K [0x000000008a600000, 0x0000000100000000)
  region size 1024K, 7 young (7168K), 7 survivors (7168K)
 Metaspace       used 43249K, capacity 44675K, committed 44876K, reserved 1089536K
  class space    used 5075K, capacity 5707K, committed 5760K, reserved 1048576K
GC Heap History (9 events):
Event: 0.674 GC heap before
{Heap before GC invocations=0 (full 0):
 garbage-first heap   total 120832K, used 26624K [0x000000008a600000, 0x0000000100000000)
  region size 1024K, 24 young (24576K), 0 survivors (0K)
 Metaspace       used 12216K, capacity 12482K, committed 12672K, reserved 1060864K
  class space    used 1211K, capacity 1314K, committed 1408K, reserved 1048576K
}
Event: 0.682 GC heap after
{Heap after GC invocations=1 (full 0):
 garbage-first heap   total 120832K, used 8911K [0x000000008a600000, 0x0000000100000000)
  region size 1024K, 3 young (3072K), 3 survivors (3072K)
 Metaspace       used 12216K, capacity 12482K, committed 12672K, reserved 1060864K
  class space    used 1211K, capacity 1314K, committed 1408K, reserved 1048576K
}
Event: 1.243 GC heap before
{Heap before GC invocations=1 (full 0):
 garbage-first heap   total 120832K, used 52943K [0x000000008a600000, 0x0000000100000000)
  region size 1024K, 47 young (48128K), 3 survivors (3072K)
 Metaspace       used 20685K, capacity 21150K, committed 21248K, reserved 1069056K
  class space    used 2258K, capacity 2464K, committed 2560K, reserved 1048576K
}
Event: 1.259 GC heap after
{Heap after GC invocations=2 (full 0):
 garbage-first heap   total 120832K, used 11544K [0x000000008a600000, 0x0000000100000000)
  region size 1024K, 6 young (6144K), 6 survivors (6144K)
 Metaspace       used 20685K, capacity 21150K, committed 21248K, reserved 1069056K
  class space    used 2258K, capacity 2464K, committed 2560K, reserved 1048576K
}
Event: 1.717 GC heap before
{Heap before GC invocations=3 (full 0):
 garbage-first heap   total 120832K, used 55576K [0x000000008a600000, 0x0000000100000000)
  region size 1024K, 50 young (51200K), 6 survivors (6144K)
 Metaspace       used 27571K, capacity 28352K, committed 28416K, reserved 1075200K
  class space    used 3187K, capacity 3536K, committed 3584K, reserved 1048576K
}
Event: 1.726 GC heap after
{Heap after GC invocations=4 (full 0):
 garbage-first heap   total 120832K, used 14478K [0x000000008a600000, 0x0000000100000000)
  region size 1024K, 6 young (6144K), 6 survivors (6144K)
 Metaspace       used 27571K, capacity 28352K, committed 28416K, reserved 1075200K
  class space    used 3187K, capacity 3536K, committed 3584K, reserved 1048576K
}
Event: 2.187 GC heap before
{Heap before GC invocations=4 (full 0):
 garbage-first heap   total 120832K, used 48270K [0x000000008a600000, 0x0000000100000000)
  region size 1024K, 40 young (40960K), 6 survivors (6144K)
 Metaspace       used 34595K, capacity 35679K, committed 35840K, reserved 1081344K
  class space    used 4096K, capacity 4608K, committed 4608K, reserved 1048576K
}
Event: 2.197 GC heap after
{Heap after GC invocations=5 (full 0):
 garbage-first heap   total 120832K, used 18317K [0x000000008a600000, 0x0000000100000000)
  region size 1024K, 7 young (7168K), 7 survivors (7168K)
 Metaspace       used 34595K, capacity 35679K, committed 35840K, reserved 1081344K
  class space    used 4096K, capacity 4608K, committed 4608K, reserved 1048576K
}
Event: 6.868 GC heap before
{Heap before GC invocations=6 (full 0):
 garbage-first heap   total 120832K, used 69517K [0x000000008a600000, 0x0000000100000000)
  region size 1024K, 58 young (59392K), 7 survivors (7168K)
 Metaspace       used 43249K, capacity 44675K, committed 44876K, reserved 1089536K
  class space    used 5075K, capacity 5707K, committed 5760K, reserved 1048576K
}

