# JRE version: Java(TM) SE Runtime Environment 18.9 (11.0.18+9) (build 11.0.18+9-LTS-195)
# Java VM: Java HotSpot(TM) 64-Bit Server VM 18.9 (11.0.18+9-LTS-195, mixed mode, tiered, compressed oops, g1 gc, windows-amd64)
Heap:
 garbage-first heap   total 120832K, used 68661K [0x000000008a600000, 0x0000000100000000)
  region size 1024K, 57 young (58368K), 7 survivors (7168K)
 Metaspace       used 43137K, capacity 44538K, committed 44592K, reserved 1093632K
  class space    used 5070K, capacity 5710K, committed 5760K, reserved 1048576K
GC Heap History (8 events):
Event: 0.797 GC heap before
{Heap before GC invocations=0 (full 0):
 garbage-first heap   total 120832K, used 26624K [0x000000008a600000, 0x0000000100000000)
  region size 1024K, 24 young (24576K), 0 survivors (0K)
 Metaspace       used 12223K, capacity 12482K, committed 12672K, reserved 1060864K
  class space    used 1207K, capacity 1314K, committed 1408K, reserved 1048576K
}
Event: 0.806 GC heap after
{Heap after GC invocations=1 (full 0):
 garbage-first heap   total 120832K, used 8631K [0x000000008a600000, 0x0000000100000000)
  region size 1024K, 3 young (3072K), 3 survivors (3072K)
 Metaspace       used 12223K, capacity 12482K, committed 12672K, reserved 1060864K
  class space    used 1207K, capacity 1314K, committed 1408K, reserved 1048576K
}
Event: 1.432 GC heap before
{Heap before GC invocations=1 (full 0):
 garbage-first heap   total 120832K, used 52663K [0x000000008a600000, 0x0000000100000000)
  region size 1024K, 47 young (48128K), 3 survivors (3072K)
 Metaspace       used 20679K, capacity 21182K, committed 21296K, reserved 1069056K
  class space    used 2252K, capacity 2432K, committed 2432K, reserved 1048576K
}
Event: 1.439 GC heap after
{Heap after GC invocations=2 (full 0):
 garbage-first heap   total 120832K, used 11572K [0x000000008a600000, 0x0000000100000000)
  region size 1024K, 6 young (6144K), 6 survivors (6144K)
 Metaspace       used 20679K, capacity 21182K, committed 21296K, reserved 1069056K
  class space    used 2252K, capacity 2432K, committed 2432K, reserved 1048576K
}
Event: 1.945 GC heap before
{Heap before GC invocations=3 (full 0):
 garbage-first heap   total 120832K, used 56628K [0x000000008a600000, 0x0000000100000000)
  region size 1024K, 50 young (51200K), 6 survivors (6144K)
 Metaspace       used 27551K, capacity 28352K, committed 28592K, reserved 1075200K
  class space    used 3181K, capacity 3536K, committed 3584K, reserved 1048576K
}
Event: 1.953 GC heap after
{Heap after GC invocations=4 (full 0):
 garbage-first heap   total 120832K, used 14305K [0x000000008a600000, 0x0000000100000000)
  region size 1024K, 6 young (6144K), 6 survivors (6144K)
 Metaspace       used 27551K, capacity 28352K, committed 28592K, reserved 1075200K
  class space    used 3181K, capacity 3536K, committed 3584K, reserved 1048576K
}
Event: 2.446 GC heap before
{Heap before GC invocations=4 (full 0):
 garbage-first heap   total 120832K, used 48097K [0x000000008a600000, 0x0000000100000000)
  region size 1024K, 40 young (40960K), 6 survivors (6144K)
 Metaspace       used 34556K, capacity 35617K, committed 35708K, reserved 1081344K
  class space    used 4089K, capacity 4567K, committed 4608K, reserved 1048576K
}
Event: 2.454 GC heap after
{Heap after GC invocations=5 (full 0):
 garbage-first heap   total 120832K, used 17970K [0x000000008a600000, 0x0000000100000000)
  region size 1024K, 7 young (7168K), 7 survivors (7168K)
 Metaspace       used 34556K, capacity 35617K, committed 35708K, reserved 1081344K
  class space    used 4089K, capacity 4567K, committed 4608K, reserved 1048576K
}

